<?xml version="1.0" encoding="UTF-8"?>
<testsuite name="com.hosik.vending_machine.VendingMachineTest" tests="4" skipped="0" failures="0" errors="0" timestamp="2019-02-13T05:16:25" hostname="raviparkui-MacBook-Pro.local" time="0.008">
  <properties/>
  <testcase name="should_get_product_with_name" classname="com.hosik.vending_machine.VendingMachineTest" time="0.007"/>
  <testcase name="should_IllegeralArgumenException_when_no_matching_product" classname="com.hosik.vending_machine.VendingMachineTest" time="0.0"/>
  <testcase name="could_not_buy_when_enough_money" classname="com.hosik.vending_machine.VendingMachineTest" time="0.0"/>
  <testcase name="should_fillUpMoney" classname="com.hosik.vending_machine.VendingMachineTest" time="0.0"/>
  <system-out><![CDATA[]]></system-out>
  <system-err><![CDATA[]]></system-err>
</testsuite>
