<?xml version="1.0" encoding="UTF-8"?>
<testsuite name="com.hosik.product.ProductTest" tests="1" skipped="0" failures="0" errors="0" timestamp="2019-02-13T05:16:25" hostname="raviparkui-MacBook-Pro.local" time="0.004">
  <properties/>
  <testcase name="should_make_product_using_constructor" classname="com.hosik.product.ProductTest" time="0.004"/>
  <system-out><![CDATA[name: coke
price: 1000
quantity: 5

]]></system-out>
  <system-err><![CDATA[]]></system-err>
</testsuite>
